Beauty/ATKAndroid/business/proguard/seeds.txt
cn.com.antika.business.R$anim: int anim_view_hidden
cn.com.antika.business.R$anim: int anim_view_show
cn.com.antika.business.R$array: int address_type_array
cn.com.antika.business.R$array: int blood_type_array
cn.com.antika.business.R$array: int email_type_array
cn.com.antika.business.R$array: int marriage_type_array
cn.com.antika.business.R$array: int money_out_type_array
cn.com.antika.business.R$array: int sex_type_array
cn.com.antika.business.R$array: int telephone_type_array
cn.com.antika.business.R$attr: int behindOffset
cn.com.antika.business.R$attr: int behindScrollScale
cn.com.antika.business.R$attr: int behindWidth
cn.com.antika.business.R$attr: int fadeDegree
cn.com.antika.business.R$attr: int fadeEnabled
cn.com.antika.business.R$attr: int labelContent
cn.com.antika.business.R$attr: int mode
cn.com.antika.business.R$attr: int selectorDrawable
cn.com.antika.business.R$attr: int selectorEnabled
cn.com.antika.business.R$attr: int shadowDrawable
cn.com.antika.business.R$attr: int shadowWidth
cn.com.antika.business.R$attr: int touchModeAbove
cn.com.antika.business.R$attr: int touchModeBehind
cn.com.antika.business.R$attr: int viewAbove
cn.com.antika.business.R$attr: int viewBehind
cn.com.antika.business.R$color: int activity_background_color
cn.com.antika.business.R$color: int black
cn.com.antika.business.R$color: int black_overlay
cn.com.antika.business.R$color: int blue
cn.com.antika.business.R$color: int body_backclolor
cn.com.antika.business.R$color: int border_color
cn.com.antika.business.R$color: int button_backcolor
cn.com.antika.business.R$color: int commodity_detail_commodity_stock_calc_type_text_color
cn.com.antika.business.R$color: int contents_text
cn.com.antika.business.R$color: int ecard_background_dark_red
cn.com.antika.business.R$color: int ecard_background_green
cn.com.antika.business.R$color: int ecard_background_orange
cn.com.antika.business.R$color: int ecard_background_purple
cn.com.antika.business.R$color: int encode_view
cn.com.antika.business.R$color: int gray
cn.com.antika.business.R$color: int green
cn.com.antika.business.R$color: int help_button_view
cn.com.antika.business.R$color: int help_view
cn.com.antika.business.R$color: int home_page_sort_tg_status_text_color
cn.com.antika.business.R$color: int image_button_background
cn.com.antika.business.R$color: int page_backcolor
cn.com.antika.business.R$color: int possible_result_points
cn.com.antika.business.R$color: int red
cn.com.antika.business.R$color: int result_image_border
cn.com.antika.business.R$color: int result_minor_text
cn.com.antika.business.R$color: int result_points
cn.com.antika.business.R$color: int result_text
...
com.baidu.mapapi.map.MapViewLayoutParams
com.baidu.mapapi.map.MapViewLayoutParams: int ALIGN_LEFT
com.baidu.mapapi.map.MapViewLayoutParams: int ALIGN_RIGHT
com.baidu.mapapi.map.MapViewLayoutParams: int ALIGN_CENTER_HORIZONTAL
com.baidu.mapapi.map.MapViewLayoutParams: int ALIGN_TOP
com.baidu.mapapi.map.MapViewLayoutParams: int ALIGN_BOTTOM
com.baidu.mapapi.map.MapViewLayoutParams: int ALIGN_CENTER_VERTICAL
com.baidu.mapapi.map.MapViewLayoutParams: com.baidu.mapapi.model.LatLng a
com.baidu.mapapi.map.MapViewLayoutParams: android.graphics.Point b
com.baidu.mapapi.map.MapViewLayoutParams: com.baidu.mapapi.map.MapViewLayoutParams$ELayoutMode c
com.baidu.mapapi.map.MapViewLayoutParams: float d
com.baidu.mapapi.map.MapViewLayoutParams: float e
com.baidu.mapapi.map.MapViewLayoutParams: MapViewLayoutParams(int,int,com.baidu.mapapi.model.LatLng,android.graphics.Point,com.baidu.mapapi.map.MapViewLayoutParams$ELayoutMode,int,int)
com.baidu.mapapi.map.MapViewLayoutParams$Builder
com.baidu.mapapi.map.MapViewLayoutParams$Builder: int a
com.baidu.mapapi.map.MapViewLayoutParams$Builder: int b
com.baidu.mapapi.map.MapViewLayoutParams$Builder: com.baidu.mapapi.model.LatLng c
com.baidu.mapapi.map.MapViewLayoutParams$Builder: android.graphics.Point d
com.baidu.mapapi.map.MapViewLayoutParams$Builder: com.baidu.mapapi.map.MapViewLayoutParams$ELayoutMode e
com.baidu.mapapi.map.MapViewLayoutParams$Builder: int f
com.baidu.mapapi.map.MapViewLayoutParams$Builder: int g
com.baidu.mapapi.map.MapViewLayoutParams$Builder: MapViewLayoutParams$Builder()
com.baidu.mapapi.map.MapViewLayoutParams$Builder: com.baidu.mapapi.map.MapViewLayoutParams build()
com.baidu.mapapi.map.MapViewLayoutParams$Builder: com.baidu.mapapi.map.MapViewLayoutParams$Builder width(int)
com.baidu.mapapi.map.MapViewLayoutParams$Builder: com.baidu.mapapi.map.MapViewLayoutParams$Builder height(int)
com.baidu.mapapi.map.MapViewLayoutParams$Builder: com.baidu.mapapi.map.MapViewLayoutParams$Builder align(int,int)
com.baidu.mapapi.map.MapViewLayoutParams$Builder: com.baidu.mapapi.map.MapViewLayoutParams$Builder position(com.baidu.mapapi.model.LatLng)
com.baidu.mapapi.map.MapViewLayoutParams$Builder: com.baidu.mapapi.map.MapViewLayoutParams$Builder point(android.graphics.Point)
com.baidu.mapapi.map.MapViewLayoutParams$Builder: com.baidu.mapapi.map.MapViewLayoutParams$Builder layoutMode(com.baidu.mapapi.map.MapViewLayoutParams$ELayoutMode)
com.baidu.mapapi.map.MapViewLayoutParams$ELayoutMode
com.baidu.mapapi.map.MapViewLayoutParams$ELayoutMode: com.baidu.mapapi.map.MapViewLayoutParams$ELayoutMode mapMode
com.baidu.mapapi.map.MapViewLayoutParams$ELayoutMode: com.baidu.mapapi.map.MapViewLayoutParams$ELayoutMode absoluteMode
com.baidu.mapapi.map.MapViewLayoutParams$ELayoutMode: com.baidu.mapapi.map.MapViewLayoutParams$ELayoutMode[] $VALUES
com.baidu.mapapi.map.MapViewLayoutParams$ELayoutMode: com.baidu.mapapi.map.MapViewLayoutParams$ELayoutMode[] values()
com.baidu.mapapi.map.MapViewLayoutParams$ELayoutMode: com.baidu.mapapi.map.MapViewLayoutParams$ELayoutMode valueOf(java.lang.String)
com.baidu.mapapi.map.MapViewLayoutParams$ELayoutMode: MapViewLayoutParams$ELayoutMode(java.lang.String,int)
com.baidu.mapapi.map.MapViewLayoutParams$ELayoutMode: void <clinit>()