Beauty/ATKAndroid/business/proguard/mapping.txt
cn.jpush.android.a.j -> cn.jpush.android.a.j:
    android.content.Context a -> a
    int b -> b
    cn.jpush.android.a.h c -> c
    cn.jpush.android.a.h d -> d
    java.lang.String[] z -> e
    void run() -> run
cn.jpush.android.a.k -> cn.jpush.android.a.k:
    java.lang.String a -> a
    java.lang.String b -> b
    java.lang.String c -> c
    java.lang.String d -> d
    boolean e -> e
    java.lang.String f -> f
    java.lang.String g -> g
    java.lang.String h -> h
    boolean i -> i
    java.lang.String j -> j
    java.util.ArrayList k -> k
    java.lang.String l -> l
    java.lang.String m -> m
    java.lang.String n -> n
    cn.jpush.android.a.h o -> o
    java.lang.String[] z -> p
    org.json.JSONObject a() -> a
    java.lang.String toString() -> toString
cn.jpush.android.a.l -> cn.jpush.android.a.l:
    java.lang.String[] z -> a
    cn.jpush.android.a.a a(android.content.Context,java.lang.String,java.lang.String,java.lang.String) -> a
    void a(android.content.Context,cn.jpush.android.a.a) -> a
    void a(android.content.Context,java.lang.String) -> a
    org.json.JSONObject a(android.content.Context,java.lang.String,java.lang.String) -> a
    org.json.JSONObject a(android.content.Context,java.lang.String,org.json.JSONObject,java.lang.String) -> a
    boolean a(java.lang.String) -> a
    void b(android.content.Context,java.lang.String,java.lang.String) -> b
    boolean a(boolean,int,android.content.Context) -> a
cn.jpush.android.a.m -> cn.jpush.android.a.m:
    java.lang.String a -> a
    android.content.Context b -> b
    java.lang.String c -> c
    void run() -> run
cn.jpush.android.a.n -> cn.jpush.android.a.n:
    cn.jpush.android.a.n a -> a
    java.lang.String[] z -> b
    void onCreate(android.database.sqlite.SQLiteDatabase) -> onCreate
    void onUpgrade(android.database.sqlite.SQLiteDatabase,int,int) -> onUpgrade
    cn.jpush.android.a.n c(android.content.Context) -> c
    boolean a(android.content.Context,java.lang.String,java.lang.String) -> a
    boolean a(android.content.Context,java.lang.String) -> a
    android.database.Cursor a(android.content.Context) -> a
    android.database.Cursor b(android.content.Context) -> b
    boolean a(android.content.Context,int) -> a
    boolean b(android.content.Context,int) -> b
cn.jpush.android.a.o -> cn.jpush.android.a.o:
    java.lang.String a -> a
    int V -> U
    boolean W -> V
    java.util.ArrayList X -> W
    java.lang.String Y -> X
    java.lang.String Z -> Y
    java.lang.String aa -> Z
    java.lang.String[] ab -> aa
    boolean a(android.content.Context,org.json.JSONObject) -> a
    void a(android.content.Context) -> a
cn.jpush.android.a.p -> cn.jpush.android.a.p:
    android.content.Context a -> a
    cn.jpush.android.a.o b -> b
    cn.jpush.android.a.o c -> c
    java.lang.String[] z -> d
    void run() -> run
cn.jpush.android.a.q -> cn.jpush.android.a.q:
    java.lang.String[] bb -> ah
    boolean a(android.content.Context,org.json.JSONObject) -> a
    void a(android.content.Context) -> a
cn.jpush.android.a.r -> cn.jpush.android.a.r:
    int a -> a
    java.lang.String V -> U
    java.lang.String W -> V
    java.lang.String X -> W
    java.lang.String Y -> X
    java.lang.String Z -> Y
    java.lang.String[] ab -> Z
    boolean a(android.content.Context,org.json.JSONObject) -> a
    void a(android.content.Context) -> a
cn.jpush.android.api.BasicPushNotificationBuilder -> cn.jpush.android.b.a:
    int notificationDefaults -> a
    int notificationFlags -> b
    int statusBarDrawable -> c
    java.lang.String developerArg0 -> d
    android.content.Context a -> e
    java.lang.String[] z -> f
    java.lang.String a() -> a
    void a(android.app.Notification) -> a
    java.lang.String toString() -> toString
    java.lang.String b() -> b
    void a(java.lang.String[]) -> a
    cn.jpush.android.api.PushNotificationBuilder a(java.lang.String) -> a