Beauty/ATKAndroid/business/proguard/usage.txt
cn.com.antika.business.BuildConfig
cn.com.antika.business.Manifest
cn.com.antika.business.Manifest$permission
cn.com.antika.business.R
cn.com.antika.business.R$anim
cn.com.antika.business.R$array
cn.com.antika.business.R$attr
cn.com.antika.business.R$color
cn.com.antika.business.R$dimen
cn.com.antika.business.R$drawable
cn.com.antika.business.R$id
cn.com.antika.business.R$layout
cn.com.antika.business.R$menu
cn.com.antika.business.R$raw
cn.com.antika.business.R$string
cn.com.antika.business.R$style
cn.com.antika.business.R$styleable
cn.com.antika.business.R$xml
...
com.GlamourPromise.Beauty.bean.EcardHistoryDetail:
    private static final long serialVersionUID
com.GlamourPromise.Beauty.bean.EcardHistroy:
    private static final long serialVersionUID
    25:25:public int getActionMode()
com.GlamourPromise.Beauty.bean.EcardInfo:
    private static final long serialVersionUID
    37:37:public boolean isSelect()
    40:41:public void setSelect(boolean)
    121:121:public java.lang.String getUserEcardCreateDate()
com.GlamourPromise.Beauty.bean.EmailInfo:
    private static final long serialVersionUID
com.GlamourPromise.Beauty.bean.EmarketingInfo:
    13:13:public int getFromUserID()
com.GlamourPromise.Beauty.bean.EvaluateServiceInfo:
    183:183:public java.lang.String getResponsiblePersonName()
    191:191:public long getGroupNo()
com.GlamourPromise.Beauty.bean.FavoriteInfo:
    private static final long serialVersionUID
    65:65:public java.lang.String getSortID()
    89:89:public java.lang.String getFileUrl()
    107:107:public java.lang.String getExpirationDate()
com.GlamourPromise.Beauty.bean.FlyMessage:
    private static final long serialVersionUID
com.GlamourPromise.Beauty.bean.FlymessageDetail:
    private static final long serialVersionUID
    24:24:public int getMessageType()
    27:27:public boolean isGroupFlag()
com.GlamourPromise.Beauty.bean.LabelInfo:
    private static final long serialVersionUID
com.GlamourPromise.Beauty.bean.Level
com.GlamourPromise.Beauty.bean.MessageTemplate:
    private static final long serialVersionUID
    private int creatorID
    34:34:public int getCreatorID()
    37:37:public java.lang.String getCreatorName()
    55:56:public void setCreatorID(int)
    64:64:public java.lang.String getLastEditName()
com.GlamourPromise.Beauty.bean.NoteInfo:
    46:46:public java.lang.String getTagIDs()
com.GlamourPromise.Beauty.bean.NoticeInfo:
    private static final long serialVersionUID
    26:27:public void setNoticeTitle(java.lang.String)
    29:29:public java.lang.String getNoticeCreateTime()
    32:33:public void setNoticeCreateTime(java.lang.String)
    38:39:public void setNoticeContent(java.lang.String)
    44:45:public void setNoticeStartTime(java.lang.String)
    50:51:public void setNoticeEndTime(java.lang.String)
com.GlamourPromise.Beauty.bean.Opportunity:
    private static final long serialVersionUID
    128:128:public java.lang.Integer getMarketingPolicy()
    135:135:public double getDiscount()
    154:154:public java.lang.String getUnitPrice()
    158:158:public java.lang.String getPromotionPrice()
com.GlamourPromise.Beauty.bean.OpportunityListBaseConditionInfo:
    private static final long serialVersionUID
    173:191:public org.json.JSONObject convertToJson()
com.GlamourPromise.Beauty.bean.OpportunityProgressHistory:
    private static final long serialVersionUID
    21:21:public int getProgress()